<?xml version="1.0" encoding="UTF-8"?>
<testsuite name="com.biblioteca.project.ProjectApplicationTests" tests="1" skipped="0" failures="0" errors="0" timestamp="2024-06-24T14:42:57" hostname="mictlan" time="0.724">
  <properties/>
  <testcase name="contextLoads()" classname="com.biblioteca.project.ProjectApplicationTests" time="0.724"/>
  <system-out><![CDATA[08:42:48.640 [Test worker] INFO org.springframework.test.context.support.AnnotationConfigContextLoaderUtils -- Could not detect default configuration classes for test class [com.biblioteca.project.ProjectApplicationTests]: ProjectApplicationTests does not declare any static, non-private, non-final, nested classes annotated with @Configuration.
08:42:48.888 [Test worker] INFO org.springframework.boot.test.context.SpringBootTestContextBootstrapper -- Found @SpringBootConfiguration com.biblioteca.project.ProjectApplication for test class com.biblioteca.project.ProjectApplicationTests

  .   ____          _            __ _ _
 /\\ / ___'_ __ _ _(_)_ __  __ _ \ \ \ \
( ( )\___ | '_ | '_| | '_ \/ _` | \ \ \ \
 \\/  ___)| |_)| | | | | || (_| |  ) ) ) )
  '  |____| .__|_| |_|_| |_\__, | / / / /
 =========|_|==============|___/=/_/_/_/

 :: Spring Boot ::                (v3.3.1)

2024-06-24T08:42:49.638-06:00  INFO 22395 --- [project] [    Test worker] c.b.project.ProjectApplicationTests      : Starting ProjectApplicationTests using Java 21.0.3 with PID 22395 (started by christian in /home/christian/Descargas/project_final/project)
2024-06-24T08:42:49.649-06:00  INFO 22395 --- [project] [    Test worker] c.b.project.ProjectApplicationTests      : No active profile set, falling back to 1 default profile: "default"
2024-06-24T08:42:52.342-06:00  INFO 22395 --- [project] [    Test worker] .s.d.r.c.RepositoryConfigurationDelegate : Bootstrapping Spring Data JPA repositories in DEFAULT mode.
2024-06-24T08:42:52.535-06:00  INFO 22395 --- [project] [    Test worker] .s.d.r.c.RepositoryConfigurationDelegate : Finished Spring Data repository scanning in 137 ms. Found 1 JPA repository interface.
2024-06-24T08:42:53.954-06:00  INFO 22395 --- [project] [    Test worker] o.hibernate.jpa.internal.util.LogHelper  : HHH000204: Processing PersistenceUnitInfo [name: default]
2024-06-24T08:42:54.089-06:00  INFO 22395 --- [project] [    Test worker] org.hibernate.Version                    : HHH000412: Hibernate ORM core version 6.5.2.Final
2024-06-24T08:42:54.167-06:00  INFO 22395 --- [project] [    Test worker] o.h.c.internal.RegionFactoryInitiator    : HHH000026: Second-level cache disabled
2024-06-24T08:42:54.710-06:00  INFO 22395 --- [project] [    Test worker] o.s.o.j.p.SpringPersistenceUnitInfo      : No LoadTimeWeaver setup: ignoring JPA class transformer
2024-06-24T08:42:54.755-06:00  INFO 22395 --- [project] [    Test worker] com.zaxxer.hikari.HikariDataSource       : HikariPool-1 - Starting...
2024-06-24T08:42:54.962-06:00  INFO 22395 --- [project] [    Test worker] com.zaxxer.hikari.pool.HikariPool        : HikariPool-1 - Added connection org.mariadb.jdbc.Connection@58186f9f
2024-06-24T08:42:54.966-06:00  INFO 22395 --- [project] [    Test worker] com.zaxxer.hikari.HikariDataSource       : HikariPool-1 - Start completed.
2024-06-24T08:42:56.209-06:00  INFO 22395 --- [project] [    Test worker] o.h.e.t.j.p.i.JtaPlatformInitiator       : HHH000489: No JTA platform available (set 'hibernate.transaction.jta.platform' to enable JTA platform integration)
2024-06-24T08:42:56.264-06:00  INFO 22395 --- [project] [    Test worker] j.LocalContainerEntityManagerFactoryBean : Initialized JPA EntityManagerFactory for persistence unit 'default'
2024-06-24T08:42:56.794-06:00  WARN 22395 --- [project] [    Test worker] JpaBaseConfiguration$JpaWebConfiguration : spring.jpa.open-in-view is enabled by default. Therefore, database queries may be performed during view rendering. Explicitly configure spring.jpa.open-in-view to disable this warning
2024-06-24T08:42:56.827-06:00  INFO 22395 --- [project] [    Test worker] o.s.b.a.w.s.WelcomePageHandlerMapping    : Adding welcome page: class path resource [static/index.html]
2024-06-24T08:42:57.560-06:00  INFO 22395 --- [project] [    Test worker] c.b.project.ProjectApplicationTests      : Started ProjectApplicationTests in 8.428 seconds (process running for 10.608)
]]></system-out>
  <system-err><![CDATA[WARNING: A Java agent has been loaded dynamically (/home/christian/.gradle/caches/modules-2/files-2.1/net.bytebuddy/byte-buddy-agent/1.14.17/e3c251a39dc90badaf71c83427ba46840f219d8d/byte-buddy-agent-1.14.17.jar)
WARNING: If a serviceability tool is in use, please run with -XX:+EnableDynamicAgentLoading to hide this warning
WARNING: If a serviceability tool is not in use, please run with -Djdk.instrument.traceUsage for more information
WARNING: Dynamic loading of agents will be disallowed by default in a future release
]]></system-err>
</testsuite>
